app/build/intermediates/manifest_merge_blame_file/debug/manifest-merger-blame-debug-report.txt
1<?xml version="1.0" encoding="utf-8"?>
2<manifest xmlns:android="http://schemas.android.com/apk/res/android"
3    package="com.wf.weatherforcastexample"
4    android:versionCode="1"
5    android:versionName="1.0" >
6
7    <uses-sdk
8        android:minSdkVersion="21"
8-->src/main/AndroidManifest.xml
9        android:targetSdkVersion="31" />
9-->src/main/AndroidManifest.xml
10
11    <uses-permission android:name="android.permission.ACCESS_NETWORK_STATE" />
11-->src/main/AndroidManifest.xml:5:5-79
11-->src/main/AndroidManifest.xml:5:22-76
12    <uses-permission android:name="android.permission.ACCESS_COARSE_LOCATION" />
12-->src/main/AndroidManifest.xml:6:5-81
12-->src/main/AndroidManifest.xml:6:22-78
13    <uses-permission android:name="android.permission.INTERNET" />
13-->src/main/AndroidManifest.xml:7:5-67
13-->src/main/AndroidManifest.xml:7:22-64
14    <uses-permission android:name="android.permission.ACCESS_NETWORK_STATE" />
14-->src/main/AndroidManifest.xml:5:5-79
14-->src/main/AndroidManifest.xml:5:22-76
15    <uses-permission android:name="android.permission.ACCESS_FINE_LOCATION" />
15-->src/main/AndroidManifest.xml:9:5-79
15-->src/main/AndroidManifest.xml:9:22-76
16
17    <application
17-->src/main/AndroidManifest.xml:11:5-43:19
18        android:name="com.wf.weatherforcastexample.BaseApp"
18-->src/main/AndroidManifest.xml:12:9-32
19        android:allowBackup="true"
19-->src/main/AndroidManifest.xml:13:9-35
20        android:appComponentFactory="androidx.core.app.CoreComponentFactory"
20-->[androidx.core:core:1.7.0] AndroidManifest.xml:24:18-86
21        android:debuggable="true"
22        android:icon="@mipmap/ic_launcher"
22-->src/main/AndroidManifest.xml:14:9-43
23        android:label="@string/app_name"
23-->src/main/AndroidManifest.xml:15:9-41
24        android:largeHeap="true"
24-->src/main/AndroidManifest.xml:19:9-33
25        android:networkSecurityConfig="@xml/network_security_config"
25-->src/main/AndroidManifest.xml:20:9-69
26        android:roundIcon="@mipmap/ic_launcher_round"
26-->src/main/AndroidManifest.xml:16:9-54
27        android:supportsRtl="true"
27-->src/main/AndroidManifest.xml:17:9-35
28        android:testOnly="true"
29        android:theme="@style/Theme.WeatherForcastExample" >
29-->src/main/AndroidManifest.xml:18:9-59
30        <receiver
30-->src/main/AndroidManifest.xml:23:9-32:20
31            android:name="com.wf.weatherforcastexample.widget.WeatherWidget"
31-->src/main/AndroidManifest.xml:23:19-55
32            android:exported="true" >
32-->src/main/AndroidManifest.xml:24:13-36
33            <intent-filter>
33-->src/main/AndroidManifest.xml:25:13-27:29
34                <action android:name="android.appwidget.action.APPWIDGET_UPDATE" />
34-->src/main/AndroidManifest.xml:26:17-84
34-->src/main/AndroidManifest.xml:26:25-81
35            </intent-filter>
36
37            <meta-data
37-->src/main/AndroidManifest.xml:29:13-31:63
38                android:name="android.appwidget.provider"
38-->src/main/AndroidManifest.xml:30:17-58
39                android:resource="@xml/weather_widget_info" />
39-->src/main/AndroidManifest.xml:31:17-60
40        </receiver>
41
42        <activity
42-->src/main/AndroidManifest.xml:34:9-42:20
43            android:name="com.wf.weatherforcastexample.MainActivityActivity"
43-->src/main/AndroidManifest.xml:35:13-49
44            android:exported="true" >
44-->src/main/AndroidManifest.xml:36:13-36
45            <intent-filter>
45-->src/main/AndroidManifest.xml:37:13-41:29
46                <action android:name="android.intent.action.MAIN" />
46-->src/main/AndroidManifest.xml:38:17-69
46-->src/main/AndroidManifest.xml:38:25-66
47
48                <category android:name="android.intent.category.LAUNCHER" />
48-->src/main/AndroidManifest.xml:40:17-77
48-->src/main/AndroidManifest.xml:40:27-74
49            </intent-filter>
50        </activity>
51
52        <provider
52-->[com.readystatesoftware.chuck:library:1.1.0] AndroidManifest.xml:23:9-26:40
53            android:name="com.readystatesoftware.chuck.internal.data.ChuckContentProvider"
53-->[com.readystatesoftware.chuck:library:1.1.0] AndroidManifest.xml:24:13-91
54            android:authorities="com.wf.weatherforcastexample.chuck.provider"
54-->[com.readystatesoftware.chuck:library:1.1.0] AndroidManifest.xml:25:13-66
55            android:exported="false" />
55-->[com.readystatesoftware.chuck:library:1.1.0] AndroidManifest.xml:26:13-37
56
57        <activity
57-->[com.readystatesoftware.chuck:library:1.1.0] AndroidManifest.xml:28:9-33:50
58            android:name="com.readystatesoftware.chuck.internal.ui.MainActivity"
58-->[com.readystatesoftware.chuck:library:1.1.0] AndroidManifest.xml:29:13-81
59            android:label="@string/chuck_name"
59-->[com.readystatesoftware.chuck:library:1.1.0] AndroidManifest.xml:30:13-47
60            android:launchMode="singleTask"
60-->[com.readystatesoftware.chuck:library:1.1.0] AndroidManifest.xml:31:13-44
61            android:taskAffinity="com.readystatesoftware.chuck.task"
61-->[com.readystatesoftware.chuck:library:1.1.0] AndroidManifest.xml:32:13-69
62            android:theme="@style/Chuck.Theme" />
62-->[com.readystatesoftware.chuck:library:1.1.0] AndroidManifest.xml:33:13-47
63        <activity
63-->[com.readystatesoftware.chuck:library:1.1.0] AndroidManifest.xml:34:9-37:50
64            android:name="com.readystatesoftware.chuck.internal.ui.TransactionActivity"
64-->[com.readystatesoftware.chuck:library:1.1.0] AndroidManifest.xml:35:13-88
65            android:parentActivityName="com.readystatesoftware.chuck.internal.ui.MainActivity"
65-->[com.readystatesoftware.chuck:library:1.1.0] AndroidManifest.xml:36:13-95
66            android:theme="@style/Chuck.Theme" />
66-->[com.readystatesoftware.chuck:library:1.1.0] AndroidManifest.xml:37:13-47
67
68        <service
68-->[com.readystatesoftware.chuck:library:1.1.0] AndroidManifest.xml:39:9-41:40
69            android:name="com.readystatesoftware.chuck.internal.support.ClearTransactionsService"
69-->[com.readystatesoftware.chuck:library:1.1.0] AndroidManifest.xml:40:13-98
70            android:exported="false" />
70-->[com.readystatesoftware.chuck:library:1.1.0] AndroidManifest.xml:41:13-37
71        <service
71-->[androidx.room:room-runtime:2.3.0] AndroidManifest.xml:25:9-28:40
72            android:name="androidx.room.MultiInstanceInvalidationService"
72-->[androidx.room:room-runtime:2.3.0] AndroidManifest.xml:26:13-74
73            android:directBootAware="true"
73-->[androidx.room:room-runtime:2.3.0] AndroidManifest.xml:27:13-43
74            android:exported="false" />
74-->[androidx.room:room-runtime:2.3.0] AndroidManifest.xml:28:13-37
75
76        <activity
76-->[com.google.android.gms:play-services-base:17.5.0] AndroidManifest.xml:23:9-26:75
77            android:name="com.google.android.gms.common.api.GoogleApiActivity"
77-->[com.google.android.gms:play-services-base:17.5.0] AndroidManifest.xml:24:13-79
78            android:exported="false"
78-->[com.google.android.gms:play-services-base:17.5.0] AndroidManifest.xml:25:13-37
79            android:theme="@android:style/Theme.Translucent.NoTitleBar" />
79-->[com.google.android.gms:play-services-base:17.5.0] AndroidManifest.xml:26:13-72
80
81        <meta-data
81-->[com.google.android.gms:play-services-basement:17.5.0] AndroidManifest.xml:23:9-25:69
82            android:name="com.google.android.gms.version"
82-->[com.google.android.gms:play-services-basement:17.5.0] AndroidManifest.xml:24:13-58
83            android:value="@integer/google_play_services_version" />
83-->[com.google.android.gms:play-services-basement:17.5.0] AndroidManifest.xml:25:13-66
84
85        <provider
85-->[androidx.emoji2:emoji2:1.0.0] AndroidManifest.xml:26:9-34:20
86            android:name="androidx.startup.InitializationProvider"
86-->[androidx.emoji2:emoji2:1.0.0] AndroidManifest.xml:27:13-67
87            android:authorities="com.wf.weatherforcastexample.androidx-startup"
87-->[androidx.emoji2:emoji2:1.0.0] AndroidManifest.xml:28:13-68
88            android:exported="false" >
88-->[androidx.emoji2:emoji2:1.0.0] AndroidManifest.xml:29:13-37
89            <meta-data
89-->[androidx.emoji2:emoji2:1.0.0] AndroidManifest.xml:31:13-33:52
90                android:name="androidx.emoji2.text.EmojiCompatInitializer"
90-->[androidx.emoji2:emoji2:1.0.0] AndroidManifest.xml:32:17-75
91                android:value="androidx.startup" />
91-->[androidx.emoji2:emoji2:1.0.0] AndroidManifest.xml:33:17-49
92            <meta-data
92-->[androidx.lifecycle:lifecycle-process:2.4.0] AndroidManifest.xml:31:13-33:52
93                android:name="androidx.lifecycle.ProcessLifecycleInitializer"
93-->[androidx.lifecycle:lifecycle-process:2.4.0] AndroidManifest.xml:32:17-78
94                android:value="androidx.startup" />
94-->[androidx.lifecycle:lifecycle-process:2.4.0] AndroidManifest.xml:33:17-49
95        </provider>
96    </application>
97
98</manifest>